[2018-08-21 12:23:06] merlin-logger.DEBUG: The welcome step has been displayed [] []
[2018-08-21 12:23:52] merlin-logger.DEBUG: The child theme installation step has been displayed [] []
[2018-08-21 12:23:59] merlin-logger.DEBUG: The child theme style.css content was generated [] []
[2018-08-21 12:23:59] merlin-logger.DEBUG: The child theme functions.php content was generated [] []
[2018-08-21 12:23:59] merlin-logger.DEBUG: The child theme screenshot was copied to the child theme, with the following result {"copied":false} []
[2018-08-21 12:24:00] merlin-logger.DEBUG: The newly generated child theme was activated [] []
[2018-08-21 12:25:22] merlin-logger.DEBUG: The welcome step has been displayed [] []
[2018-08-21 12:25:29] merlin-logger.DEBUG: The child theme installation step has been displayed [] []
[2018-08-21 12:25:37] merlin-logger.DEBUG: The child theme style.css content was generated [] []
[2018-08-21 12:25:37] merlin-logger.DEBUG: The child theme functions.php content was generated [] []
[2018-08-21 12:25:37] merlin-logger.DEBUG: The child theme screenshot was copied to the child theme, with the following result {"copied":false} []
[2018-08-21 12:25:38] merlin-logger.DEBUG: The newly generated child theme was activated [] []
[2018-08-21 12:30:55] merlin-logger.DEBUG: The welcome step has been displayed [] []
[2018-08-21 12:30:57] merlin-logger.DEBUG: The child theme installation step has been displayed [] []
[2018-08-21 12:31:00] merlin-logger.DEBUG: The child theme style.css content was generated [] []
[2018-08-21 12:31:00] merlin-logger.DEBUG: The child theme functions.php content was generated [] []
[2018-08-21 12:31:00] merlin-logger.DEBUG: The child theme screenshot was copied to the child theme, with the following result {"copied":false} []
[2018-08-21 12:31:00] merlin-logger.DEBUG: The newly generated child theme was activated [] []
[2018-08-21 12:34:39] merlin-logger.DEBUG: The welcome step has been displayed [] []
[2018-08-21 12:34:42] merlin-logger.DEBUG: The child theme installation step has been displayed [] []
[2018-08-21 12:36:54] merlin-logger.DEBUG: The plugin installation step has been displayed [] []
[2018-08-21 12:36:57] merlin-logger.DEBUG: A plugin with the following data will be processed {"plugin_slug":"advanced-custom-fields-pro","message":"Installing"} []
[2018-08-21 12:37:00] merlin-logger.DEBUG: A plugin with the following data will be processed {"plugin_slug":"advanced-custom-fields-pro","message":"Activating"} []
[2018-08-21 12:37:01] merlin-logger.DEBUG: A plugin with the following data was processed {"plugin_slug":"advanced-custom-fields-pro"} []
[2018-08-21 12:37:01] merlin-logger.DEBUG: A plugin with the following data will be processed {"plugin_slug":"bober-helper","message":"Installing"} []
[2018-08-21 12:37:05] merlin-logger.DEBUG: A plugin with the following data will be processed {"plugin_slug":"bober-helper","message":"Activating"} []
[2018-08-21 12:37:08] merlin-logger.DEBUG: A plugin with the following data was processed {"plugin_slug":"bober-helper"} []
[2018-08-21 12:37:08] merlin-logger.DEBUG: A plugin with the following data will be processed {"plugin_slug":"kirki","message":"Installing"} []
[2018-08-21 12:37:14] merlin-logger.DEBUG: A plugin with the following data will be processed {"plugin_slug":"kirki","message":"Activating"} []
[2018-08-21 12:37:18] merlin-logger.DEBUG: A plugin with the following data was processed {"plugin_slug":"kirki"} []
[2018-08-21 12:37:18] merlin-logger.DEBUG: A plugin with the following data will be processed {"plugin_slug":"contact-form-7","message":"Installing"} []
[2018-08-21 12:37:24] merlin-logger.DEBUG: A plugin with the following data will be processed {"plugin_slug":"contact-form-7","message":"Activating"} []
[2018-08-21 12:37:28] merlin-logger.DEBUG: A plugin with the following data was processed {"plugin_slug":"contact-form-7"} []
[2018-08-21 12:37:28] merlin-logger.DEBUG: A plugin with the following data will be processed {"plugin_slug":"envato-market","message":"Installing"} []
[2018-08-21 12:37:35] merlin-logger.DEBUG: A plugin with the following data will be processed {"plugin_slug":"envato-market","message":"Activating"} []
[2018-08-21 12:37:39] merlin-logger.DEBUG: A plugin with the following data was processed {"plugin_slug":"envato-market"} []
[2018-08-21 12:37:40] merlin-logger.DEBUG: A plugin with the following data will be processed {"plugin_slug":"rev-slider","message":"Installing"} []
[2018-08-21 12:37:47] merlin-logger.DEBUG: A plugin with the following data will be processed {"plugin_slug":"rev-slider","message":"Activating"} []
[2018-08-21 12:44:29] merlin-logger.DEBUG: The content import step has been displayed [] []
[2018-08-21 12:44:45] merlin-logger.INFO: The content import AJAX call will be executed with this import data {"title":"Content","data":"/var/www/html/edugestor/wp-content/themes/bober/framework/includes/helper/demo-content/content.xml"} []
[2018-08-21 12:44:45] merlin-logger.DEBUG: The Hello world post status was set to draft [] []
[2018-08-21 12:44:46] merlin-logger.INFO: The content import AJAX call will be executed with this import data {"title":"Widgets","data":"/var/www/html/edugestor/wp-content/themes/bober/framework/includes/helper/demo-content/widgets.wie"} []
[2018-08-21 12:44:46] merlin-logger.DEBUG: sidebar-woocommerce : Sidebar does not exist in theme (moving widget to Inactive)  woocommerce_price_filter - Filter by price - Site does not support widget woocommerce_product_search - No Title - Site does not support widget woocommerce_top_rated_products - Top rated products - Site does not support widget woocommerce_product_categories - Product categories - Site does not support widget woocommerce_recent_reviews - Recent reviews - Site does not support widget woocommerce_recently_viewed_products - Recently Viewed Products - Site does not support widget  Blog Sidebar :   Search - No Title - Widget already exists Recent Posts - Resent Posts - Imported Tag Cloud - Tags - Imported Categories - No Title - Widget already exists  Footer Sidebar :   Text - No Title - Imported Navigation Menu - Pages - Imported Meta - Meta - Imported Text - Adress - Imported   [] []
[2018-08-21 12:44:47] merlin-logger.INFO: The content import AJAX call will be executed with this import data {"title":"Options","data":"/var/www/html/edugestor/wp-content/themes/bober/framework/includes/helper/demo-content/customizer.dat"} []
[2018-08-21 12:45:20] merlin-logger.INFO: The customizer import has finished successfully [] []
[2018-08-21 12:45:21] merlin-logger.INFO: The content import AJAX call will be executed with this import data {"title":"After import setup","data":0} []
[2018-08-21 12:45:27] merlin-logger.DEBUG: The final step has been displayed [] []
[2018-08-21 12:54:14] merlin-logger.DEBUG: The welcome step has been displayed [] []
[2018-08-21 12:54:19] merlin-logger.DEBUG: The child theme installation step has been displayed [] []
[2018-08-21 12:54:23] merlin-logger.DEBUG: The plugin installation step has been displayed [] []
[2018-08-21 12:54:26] merlin-logger.DEBUG: The content import step has been displayed [] []
[2018-08-21 12:54:29] merlin-logger.DEBUG: The final step has been displayed [] []
[2018-08-21 12:55:38] merlin-logger.DEBUG: The final step has been displayed [] []
[2018-08-24 14:44:35] merlin-logger.DEBUG: The welcome step has been displayed [] []
[2018-08-29 14:08:11] merlin-logger.DEBUG: The welcome step has been displayed [] []
[2018-08-29 14:08:15] merlin-logger.DEBUG: The child theme installation step has been displayed [] []
[2018-08-29 14:08:18] merlin-logger.DEBUG: The plugin installation step has been displayed [] []
[2018-08-29 14:08:21] merlin-logger.DEBUG: The content import step has been displayed [] []
[2018-08-29 14:08:25] merlin-logger.DEBUG: The final step has been displayed [] []
[2018-08-30 15:11:17] merlin-logger.DEBUG: The Hello world post status was set to draft [] []
[2018-08-30 15:11:25] merlin-logger.DEBUG: The Hello world post status was set to draft [] []
[2018-08-30 15:11:44] merlin-logger.DEBUG: The Hello world post status was set to draft [] []
[2018-08-30 15:21:23] merlin-logger.DEBUG: The Hello world post status was set to draft [] []
[2018-09-24 14:31:28] merlin-logger.DEBUG: The welcome step has been displayed [] []
[2018-10-22 18:15:54] merlin-logger.DEBUG: The welcome step has been displayed [] []
[2018-10-22 18:15:54] merlin-logger.DEBUG: The welcome step has been displayed [] []
